SF:lib/core/singletons.dart
DA:5,1
DA:6,1
DA:9,1
DA:10,2
DA:11,1
LF:5
LH:5
end_of_record
SF:lib/should_did_deploy/data/repository/shouldideploy_repository.dart
DA:6,2
DA:8,1
DA:10,1
DA:11,2
DA:12,1
DA:15,1
DA:19,1
LF:7
LH:7
end_of_record
SF:lib/main_builder.dart
DA:6,1
DA:8,1
LF:2
LH:2
end_of_record
SF:lib/should_did_deploy/ui/should_did_deploy_builder.dart
DA:9,8
DA:11,2
DA:13,4
DA:15,2
DA:16,2
DA:18,4
DA:20,4
DA:21,4
DA:23,2
LF:9
LH:9
end_of_record
SF:lib/should_did_deploy/data/model/should_did_deploy_model.dart
DA:9,3
DA:16,3
DA:17,3
DA:18,3
DA:19,6
DA:20,3
DA:21,3
DA:25,3
DA:26,6
LF:9
LH:9
end_of_record
SF:lib/should_did_deploy/logic/should_did_deploy_logic.g.dart
DA:9,1
DA:14,4
DA:15,2
LF:3
LH:3
end_of_record
SF:lib/should_did_deploy/logic/should_did_deploy_logic.dart
DA:8,3
DA:12,6
DA:14,2
DA:16,2
LF:4
LH:4
end_of_record
SF:lib/should_did_deploy/ui/should_did_deploy_error_page.dart
DA:6,3
DA:11,3
DA:13,3
DA:14,3
DA:15,3
DA:17,3
DA:18,3
DA:21,9
DA:23,3
DA:24,3
DA:25,3
LF:11
LH:11
end_of_record
SF:lib/should_did_deploy/ui/should_did_deploy_loaded_page.dart
DA:8,2
DA:14,2
DA:16,2
DA:18,7
DA:19,2
DA:20,2
DA:21,2
DA:23,2
DA:24,2
DA:25,2
DA:27,2
DA:28,2
DA:31,2
DA:33,4
DA:34,2
DA:39,2
DA:40,4
DA:42,2
DA:44,4
DA:45,2
DA:52,2
DA:53,2
DA:54,2
DA:56,6
DA:57,4
DA:58,2
DA:59,1
LF:27
LH:27
end_of_record
SF:lib/should_did_deploy/ui/should_did_deploy_loading_page.dart
DA:4,8
DA:6,3
LF:2
LH:2
end_of_record
